Name: zarr
Version: 2.18.3
Summary: An implementation of chunked, compressed, N-dimensional arrays for Python
Home-page: https://github.com/zarr-developers/zarr-python
Author: 
Author-email: 
License: MIT
Location: /gpfs/home/stats/stubxk/envcard/lib/python3.11/site-packages
Requires: asciitree, fasteners, numcodecs, numpy
Required-by: rechunker, weatherbench2, xarray-beam
---
Name: numcodecs
Version: 0.16.1
Summary: A Python package providing buffer compression and transformation codecs for use in data storage and communication applications.
Home-page: https://github.com/zarr-developers/numcodecs
Author: 
Author-email: 
License-Expression: MIT
Location: /gpfs/home/stats/stubxk/envcard/lib/python3.11/site-packages
Requires: numpy, typing_extensions
Required-by: zarr
---
Name: xarray-beam
Version: 0.8.0
Summary: 
Home-page: https://github.com/google/xarray-beam
Author: Google LLC
Author-email: noreply@google.com
License: Apache 2.0
Location: /gpfs/home/stats/stubxk/envcard/lib/python3.11/site-packages
Requires: apache_beam, dask, immutabledict, rechunker, xarray, zarr
Required-by: weatherbench2
---
Name: rechunker
Version: 0.5.4
Summary: A library for rechunking arrays
Home-page: https://pypi.org/project/rechunker/
Author: 
Author-email: Pangeo developers <ryan.abernathey@gmail.com>
License: MIT License

Copyright (c) 2020 Rechunker Developers

Permission is hereby granted, free of charge, to any person obtaining a copy
of this software and associated documentation files (the "Software"), to deal
in the Software without restriction, including without limitation the rights
to use, copy, modify, merge, publish, distribute, sublicense, and/or sell
copies of the Software, and to permit persons to whom the Software is
furnished to do so, subject to the following conditions:

The above copyright notice and this permission notice shall be included in all
copies or substantial portions of the Software.

THE SOFTWARE IS PROVIDED "AS IS", WITHOUT WARRANTY OF ANY KIND, EXPRESS OR
IMPLIED, INCLUDING BUT NOT LIMITED TO THE WARRANTIES OF MERCHANTABILITY,
FITNESS FOR A PARTICULAR PURPOSE AND NONINFRINGEMENT. IN NO EVENT SHALL THE
AUTHORS OR COPYRIGHT HOLDERS BE LIABLE FOR ANY CLAIM, DAMAGES OR OTHER
LIABILITY, WHETHER IN AN ACTION OF CONTRACT, TORT OR OTHERWISE, ARISING FROM,
OUT OF OR IN CONNECTION WITH THE SOFTWARE OR THE USE OR OTHER DEALINGS IN THE
SOFTWARE.

Location: /gpfs/home/stats/stubxk/envcard/lib/python3.11/site-packages
Requires: dask, mypy_extensions, packaging, zarr
Required-by: xarray-beam
Traceback (most recent call last):
  File "/gpfs/home/stats/stubxk/Probabilistic_Scorecard/ProbScoreCard.py", line 5, in <module>
    import xarray as xr
  File "/gpfs/home/stats/stubxk/envcard/lib/python3.11/site-packages/xarray/__init__.py", line 3, in <module>
    from xarray import coders, groupers, testing, tutorial, ufuncs
  File "/gpfs/home/stats/stubxk/envcard/lib/python3.11/site-packages/xarray/coders.py", line 6, in <module>
    from xarray.coding.times import CFDatetimeCoder, CFTimedeltaCoder
  File "/gpfs/home/stats/stubxk/envcard/lib/python3.11/site-packages/xarray/coding/times.py", line 15, in <module>
    from xarray.coding.common import (
  File "/gpfs/home/stats/stubxk/envcard/lib/python3.11/site-packages/xarray/coding/common.py", line 9, in <module>
    from xarray.core.variable import Variable
  File "/gpfs/home/stats/stubxk/envcard/lib/python3.11/site-packages/xarray/core/variable.py", line 69, in <module>
    pd.arrays.NumpyExtensionArray,  # type: ignore[attr-defined]
    ^^^^^^^^^^^^^^^^^^^^^^^^^^^^^
AttributeError: module 'pandas.arrays' has no attribute 'NumpyExtensionArray'. Did you mean: 'ArrowExtensionArray'?
srun: error: gpu012: task 0: Exited with exit code 1
srun: launch/slurm: _step_signal: Terminating StepId=1512374.0
