WARNING: Package(s) not found: numcodecs, rechunker, weatherbench2, xarray-beam, zarr
Name: pandas
Version: 2.0.3
Summary: Powerful data structures for data analysis, time series, and statistics
Home-page: 
Author: 
Author-email: The Pandas Development Team <pandas-dev@python.org>
License: BSD 3-Clause License
        
        Copyright (c) 2008-2011, AQR Capital Management, LLC, Lambda Foundry, Inc. and PyData Development Team
        All rights reserved.
        
        Copyright (c) 2011-2023, Open source contributors.
        
        Redistribution and use in source and binary forms, with or without
        modification, are permitted provided that the following conditions are met:
        
        * Redistributions of source code must retain the above copyright notice, this
          list of conditions and the following disclaimer.
        
        * Redistributions in binary form must reproduce the above copyright notice,
          this list of conditions and the following disclaimer in the documentation
          and/or other materials provided with the distribution.
        
        * Neither the name of the copyright holder nor the names of its
          contributors may be used to endorse or promote products derived from
          this software without specific prior written permission.
        
        THIS SOFTWARE IS PROVIDED BY THE COPYRIGHT HOLDERS AND CONTRIBUTORS "AS IS"
        AND ANY EXPRESS OR IMPLIED WARRANTIES, INCLUDING, BUT NOT LIMITED TO, THE
        IMPLIED WARRANTIES OF MERCHANTABILITY AND FITNESS FOR A PARTICULAR PURPOSE ARE
        DISCLAIMED. IN NO EVENT SHALL THE COPYRIGHT HOLDER OR CONTRIBUTORS BE LIABLE
        FOR ANY DIRECT, INDIRECT, INCIDENTAL, SPECIAL, EXEMPLARY, OR CONSEQUENTIAL
        DAMAGES (INCLUDING, BUT NOT LIMITED TO, PROCUREMENT OF SUBSTITUTE GOODS OR
        SERVICES; LOSS OF USE, DATA, OR PROFITS; OR BUSINESS INTERRUPTION) HOWEVER
        CAUSED AND ON ANY THEORY OF LIABILITY, WHETHER IN CONTRACT, STRICT LIABILITY,
        OR TORT (INCLUDING NEGLIGENCE OR OTHERWISE) ARISING IN ANY WAY OUT OF THE USE
        OF THIS SOFTWARE, EVEN IF ADVISED OF THE POSSIBILITY OF SUCH DAMAGE.
        
Location: /gpfs/warwick/scrtp/avon/eb/software/SciPy-bundle/2023.07-gfbf-2023a/lib/python3.11/site-packages
Requires: numpy, python-dateutil, pytz, tzdata
Required-by: 
---
Name: torch
Version: 2.1.2
Summary: Tensors and Dynamic neural networks in Python with strong GPU acceleration
Home-page: https://pytorch.org/
Author: PyTorch Team
Author-email: packages@pytorch.org
License: BSD-3
Location: /gpfs/warwick/scrtp/avon/eb/software/PyTorch/2.1.2-foss-2023a-CUDA-12.1.1/lib/python3.11/site-packages
Requires: filelock, fsspec, jinja2, networkx, sympy, typing-extensions
Required-by: 
Traceback (most recent call last):
  File "ProbScoreCard.py", line 4, in <module>
    import weatherbench2
ModuleNotFoundError: No module named 'weatherbench2'
srun: error: node132: task 0: Exited with exit code 1
srun: launch/slurm: _step_signal: Terminating StepId=1515405.0
