Name: zarr
Version: 2.18.6
Summary: An implementation of chunked, compressed, N-dimensional arrays for Python
Home-page: 
Author: 
Author-email: 
License: MIT
Location: /gpfs/home/stats/stubxk/ArcherDissEnv3/lib/python3.11/site-packages
Requires: asciitree, fasteners, numcodecs, numpy
Required-by: rechunker, weatherbench2, xarray-beam
---
Name: numcodecs
Version: 0.16.1
Summary: A Python package providing buffer compression and transformation codecs for use in data storage and communication applications.
Home-page: 
Author: 
Author-email: 
License: 
Location: /gpfs/home/stats/stubxk/ArcherDissEnv3/lib/python3.11/site-packages
Requires: numpy, typing_extensions
Required-by: zarr
---
Name: xarray-beam
Version: 0.8.0
Summary: 
Home-page: https://github.com/google/xarray-beam
Author: Google LLC
Author-email: noreply@google.com
License: Apache 2.0
Location: /gpfs/home/stats/stubxk/ArcherDissEnv3/lib/python3.11/site-packages
Requires: apache_beam, dask, immutabledict, rechunker, xarray, zarr
Required-by: weatherbench2
---
Name: rechunker
Version: 0.5.4
Summary: A library for rechunking arrays
Home-page: 
Author: 
Author-email: Pangeo developers <ryan.abernathey@gmail.com>
License: MIT License

Copyright (c) 2020 Rechunker Developers

Permission is hereby granted, free of charge, to any person obtaining a copy
of this software and associated documentation files (the "Software"), to deal
in the Software without restriction, including without limitation the rights
to use, copy, modify, merge, publish, distribute, sublicense, and/or sell
copies of the Software, and to permit persons to whom the Software is
furnished to do so, subject to the following conditions:

The above copyright notice and this permission notice shall be included in all
copies or substantial portions of the Software.

THE SOFTWARE IS PROVIDED "AS IS", WITHOUT WARRANTY OF ANY KIND, EXPRESS OR
IMPLIED, INCLUDING BUT NOT LIMITED TO THE WARRANTIES OF MERCHANTABILITY,
FITNESS FOR A PARTICULAR PURPOSE AND NONINFRINGEMENT. IN NO EVENT SHALL THE
AUTHORS OR COPYRIGHT HOLDERS BE LIABLE FOR ANY CLAIM, DAMAGES OR OTHER
LIABILITY, WHETHER IN AN ACTION OF CONTRACT, TORT OR OTHERWISE, ARISING FROM,
OUT OF OR IN CONNECTION WITH THE SOFTWARE OR THE USE OR OTHER DEALINGS IN THE
SOFTWARE.

Location: /gpfs/home/stats/stubxk/ArcherDissEnv3/lib/python3.11/site-packages
Requires: dask, mypy_extensions, packaging, zarr
Required-by: xarray-beam
Traceback (most recent call last):
  File "/gpfs/home/stats/stubxk/Probabilistic_Scorecard/ProbScoreCard.py", line 8, in <module>
    from weatherbench2.evaluation import evaluate_in_memory
  File "/gpfs/home/stats/stubxk/ArcherDissEnv3/lib/python3.11/site-packages/weatherbench2/evaluation.py", line 36, in <module>
    import xarray_beam as xbeam
  File "/gpfs/home/stats/stubxk/ArcherDissEnv3/lib/python3.11/site-packages/xarray_beam/__init__.py", line 28, in <module>
    from xarray_beam._src.dataset import (
  File "/gpfs/home/stats/stubxk/ArcherDissEnv3/lib/python3.11/site-packages/xarray_beam/_src/dataset.py", line 41, in <module>
    from xarray_beam._src import zarr
  File "/gpfs/home/stats/stubxk/ArcherDissEnv3/lib/python3.11/site-packages/xarray_beam/_src/zarr.py", line 40, in <module>
    from xarray_beam._src import rechunk
  File "/gpfs/home/stats/stubxk/ArcherDissEnv3/lib/python3.11/site-packages/xarray_beam/_src/rechunk.py", line 36, in <module>
    from rechunker import algorithm
  File "/gpfs/home/stats/stubxk/ArcherDissEnv3/lib/python3.11/site-packages/rechunker/__init__.py", line 8, in <module>
    from .api import Rechunked, rechunk
  File "/gpfs/home/stats/stubxk/ArcherDissEnv3/lib/python3.11/site-packages/rechunker/api.py", line 9, in <module>
    import zarr
  File "/gpfs/home/stats/stubxk/ArcherDissEnv3/lib/python3.11/site-packages/zarr/__init__.py", line 3, in <module>
    from zarr.convenience import (
  File "/gpfs/home/stats/stubxk/ArcherDissEnv3/lib/python3.11/site-packages/zarr/convenience.py", line 8, in <module>
    from zarr._storage.store import data_root, meta_root, assert_zarr_v3_api_available
  File "/gpfs/home/stats/stubxk/ArcherDissEnv3/lib/python3.11/site-packages/zarr/_storage/store.py", line 10, in <module>
    from zarr.meta import Metadata2, Metadata3
  File "/gpfs/home/stats/stubxk/ArcherDissEnv3/lib/python3.11/site-packages/zarr/meta.py", line 10, in <module>
    from zarr.util import json_dumps, json_loads
  File "/gpfs/home/stats/stubxk/ArcherDissEnv3/lib/python3.11/site-packages/zarr/util.py", line 34, in <module>
    from numcodecs.blosc import cbuffer_sizes, cbuffer_metainfo
ImportError: cannot import name 'cbuffer_sizes' from 'numcodecs.blosc' (/gpfs/home/stats/stubxk/ArcherDissEnv3/lib/python3.11/site-packages/numcodecs/blosc.cpython-311-x86_64-linux-gnu.so)
srun: error: gpu007: task 0: Exited with exit code 1
srun: launch/slurm: _step_signal: Terminating StepId=1509806.0
